<?xml version="1.0" encoding="UTF-8"?>
<testng-results skipped="0" failed="0" ignored="0" total="1" passed="1">
  <reporter-output>
  </reporter-output>
  <suite name="Default suite" duration-ms="12396" started-at="2022-01-25T17:47:01 CST" finished-at="2022-01-25T17:47:14 CST">
    <groups>
    </groups>
    <test name="Default test" duration-ms="12396" started-at="2022-01-25T17:47:01 CST" finished-at="2022-01-25T17:47:14 CST">
      <class name="test.AddCustomerPageTest">
        <test-method status="PASS" signature="ValidUserShouldBeAbleToAddCustomer()[pri:0, instance:test.AddCustomerPageTest@6ed3ccb2]" name="ValidUserShouldBeAbleToAddCustomer" duration-ms="12360" started-at="2022-01-25T17:47:01 CST" finished-at="2022-01-25T17:47:14 CST">
          <reporter-output>
          </reporter-output>
        </test-method> <!-- ValidUserShouldBeAbleToAddCustomer -->
      </class> <!-- test.AddCustomerPageTest -->
    </test> <!-- Default test -->
  </suite> <!-- Default suite -->
</testng-results>
